{
  "RSpec": {
    "coverage": {
      "/Users/Cameron/Projects/DiodeProjects/quiz_app/spec/features/can_attempt_first_question_spec.rb": [
        1,
        1,
        1,
        1,
        1,
        null,
        null,
        null,
        1,
        1,
        1,
        1,
        1,
        null,
        1,
        null,
        null
      ],
      "/Users/Cameron/Projects/DiodeProjects/quiz_app/spec/features/can_enter_answer_first_question_spec.rb": [
        1,
        1,
        1,
        1,
        1,
        1,
        null,
        null
      ],
      "/Users/Cameron/Projects/DiodeProjects/quiz_app/spec/features/greeted_on_loading_page_spec.rb": [
        1,
        1,
        1,
        1,
        null,
        null
      ],
      "/Users/Cameron/Projects/DiodeProjects/quiz_app/spec/units/game_spec.rb": [
        1,
        null,
        1,
        1,
        null,
        null,
        null,
        null,
        null,
        null,
        null,
        null,
        3,
        3,
        null,
        3,
        null,
        1,
        1,
        1,
        null,
        null,
        1,
        1,
        1,
        null,
        null,
        1,
        null,
        null,
        null,
        1,
        null,
        null,
        null
      ],
      "/Users/Cameron/Projects/DiodeProjects/quiz_app/lib/game.rb": [
        1,
        null,
        null,
        1,
        1,
        null,
        1,
        2,
        2,
        2,
        2,
        null,
        null,
        1,
        2,
        2,
        null,
        null,
        1,
        null,
        1,
        2,
        null,
        null,
        1,
        2,
        2,
        null,
        null
      ],
      "/Users/Cameron/Projects/DiodeProjects/quiz_app/lib/question.rb": [
        1,
        null,
        null,
        null,
        1,
        1,
        7,
        null,
        null,
        1,
        3,
        null,
        null,
        1,
        1,
        null,
        null,
        1,
        2,
        null,
        null,
        1,
        3,
        null,
        null
      ],
      "/Users/Cameron/Projects/DiodeProjects/quiz_app/lib/question_getter.rb": [
        1,
        null,
        null,
        1,
        1,
        null,
        1,
        1,
        1,
        null,
        null,
        1,
        1,
        null,
        1,
        null,
        null,
        1,
        1,
        null,
        1,
        null,
        null,
        1,
        null,
        1,
        1,
        null,
        null
      ],
      "/Users/Cameron/Projects/DiodeProjects/quiz_app/spec/units/player_spec.rb": [
        1,
        null,
        1,
        null,
        2,
        null,
        1,
        1,
        null,
        null,
        1,
        null,
        null,
        null
      ],
      "/Users/Cameron/Projects/DiodeProjects/quiz_app/lib/player.rb": [
        null,
        1,
        1,
        null,
        1,
        1,
        null,
        null
      ],
      "/Users/Cameron/Projects/DiodeProjects/quiz_app/spec/units/question_getter_spec.rb": [
        1,
        null,
        1,
        1,
        1,
        null,
        null,
        2,
        null,
        1,
        1,
        null,
        null,
        null,
        null,
        null,
        null,
        null,
        1,
        1,
        null,
        null
      ],
      "/Users/Cameron/Projects/DiodeProjects/quiz_app/spec/units/question_spec.rb": [
        1,
        null,
        1,
        1,
        null,
        null,
        null,
        null,
        null,
        null,
        null,
        null,
        6,
        null,
        1,
        1,
        null,
        null,
        1,
        1,
        null,
        null,
        1,
        1,
        null,
        null,
        1,
        1,
        null,
        null,
        1,
        1,
        null,
        null
      ]
    },
    "timestamp": 1537878351
  }
}
