{
  "RSpec": {
    "coverage": {
      "/Users/Cameron/Projects/DiodeProjects/quiz_app/spec/units/question_getter_spec.rb": [
        1,
        null,
        1,
        1,
        1,
        null,
        null,
        2,
        null,
        1,
        1,
        null,
        null,
        null,
        null,
        null,
        null,
        null,
        1,
        1,
        null,
        null
      ],
      "/Users/Cameron/Projects/DiodeProjects/quiz_app/lib/question_getter.rb": [
        1,
        null,
        null,
        1,
        1,
        null,
        1,
        1,
        1,
        null,
        null,
        1,
        1,
        1,
        null,
        null,
        1,
        1,
        1,
        null,
        null,
        1,
        null,
        1,
        1,
        null,
        null
      ]
    },
    "timestamp": 1537872873
  }
}
